  [1m[35m (254.5ms)[0m  [1m[35mCREATE DATABASE "ninety_nine_cats_development" ENCODING = 'unicode'[0m
  ↳ bin/rails:9
  [1m[35m (79.0ms)[0m  [1m[35mCREATE DATABASE "ninety_nine_cats_test" ENCODING = 'unicode'[0m
  ↳ bin/rails:9
  [1m[35m (59.4ms)[0m  [1m[35mCREATE TABLE "schema_migrations" ("version" character varying NOT NULL PRIMARY KEY)[0m
  ↳ bin/rails:9
  [1m[35m (4.6ms)[0m  [1m[35mCREATE TABLE "ar_internal_metadata" ("key" character varying NOT NULL PRIMARY KEY, "value" character varying, "created_at" timestamp NOT NULL, "updated_at" timestamp NOT NULL)[0m
  ↳ bin/rails:9
  [1m[35m (2.6ms)[0m  [1m[34mSELECT pg_try_advisory_lock(723150122408807205)[0m
  ↳ bin/rails:9
  [1m[35m (0.7ms)[0m  [1m[34mSELECT "schema_migrations"."version" FROM "schema_migrations" ORDER BY "schema_migrations"."version" ASC[0m
  ↳ bin/rails:9
Migrating to CreateCats (20200619184745)
  [1m[35m (0.2ms)[0m  [1m[35mBEGIN[0m
  ↳ bin/rails:9
  [1m[35m (14.9ms)[0m  [1m[35mCREATE TABLE "cats" ("id" bigserial primary key, "birth_date" date NOT NULL, "color" character varying NOT NULL, "name" character varying NOT NULL, "sex" character varying(1) NOT NULL, "description" text NOT NULL, "created_at" timestamp NOT NULL, "updated_at" timestamp NOT NULL)[0m
  ↳ db/migrate/20200619184745_create_cats.rb:3
  [1m[36mActiveRecord::SchemaMigration Create (6.5ms)[0m  [1m[32mINSERT INTO "schema_migrations" ("version") VALUES ($1) RETURNING "version"[0m  [["version", "20200619184745"]]
  ↳ bin/rails:9
  [1m[35m (0.5ms)[0m  [1m[35mCOMMIT[0m
  ↳ bin/rails:9
  [1m[36mActiveRecord::InternalMetadata Load (1.1ms)[0m  [1m[34mSELECT  "ar_internal_metadata".* FROM "ar_internal_metadata" WHERE "ar_internal_metadata"."key" = $1 LIMIT $2[0m  [["key", "environment"], ["LIMIT", 1]]
  ↳ bin/rails:9
  [1m[35m (0.4ms)[0m  [1m[35mBEGIN[0m
  ↳ bin/rails:9
  [1m[36mActiveRecord::InternalMetadata Create (1.7ms)[0m  [1m[32mINSERT INTO "ar_internal_metadata" ("key", "value", "created_at", "updated_at") VALUES ($1, $2, $3, $4) RETURNING "key"[0m  [["key", "environment"], ["value", "development"], ["created_at", "2020-06-19 18:50:05.336091"], ["updated_at", "2020-06-19 18:50:05.336091"]]
  ↳ bin/rails:9
  [1m[35m (0.7ms)[0m  [1m[35mCOMMIT[0m
  ↳ bin/rails:9
  [1m[35m (0.4ms)[0m  [1m[34mSELECT pg_advisory_unlock(723150122408807205)[0m
  ↳ bin/rails:9
  [1m[35m (1.2ms)[0m  [1m[34mSELECT "schema_migrations"."version" FROM "schema_migrations" ORDER BY "schema_migrations"."version" ASC[0m
  ↳ bin/rails:9
  [1m[35m (0.9ms)[0m  [1m[34mSELECT "schema_migrations"."version" FROM "schema_migrations" ORDER BY "schema_migrations"."version" ASC[0m
  ↳ bin/rails:9
  [1m[35m (1.3ms)[0m  [1m[34mSELECT "schema_migrations"."version" FROM "schema_migrations" ORDER BY "schema_migrations"."version" ASC[0m
  ↳ bin/rails:9
  [1m[36mCat Load (2.3ms)[0m  [1m[34mSELECT "cats".* FROM "cats"[0m
  ↳ db/seeds.rb:10
Started GET "/cats" for 127.0.0.1 at 2020-06-19 15:23:13 -0400
  [1m[35m (1.0ms)[0m  [1m[34mSELECT "schema_migrations"."version" FROM "schema_migrations" ORDER BY "schema_migrations"."version" ASC[0m
  ↳ /Users/cschreger/.rbenv/versions/2.5.1/lib/ruby/gems/2.5.0/gems/activerecord-5.2.4.3/lib/active_record/log_subscriber.rb:98
Processing by CatsController#index as */*
Completed 500 Internal Server Error in 133ms (ActiveRecord: 0.0ms)



ActionView::MissingTemplate - Missing template cats/index, application/index with {:locale=>[:en], :formats=>[:html, :text, :js, :css, :ics, :csv, :vcf, :vtt, :png, :jpeg, :gif, :bmp, :tiff, :svg, :mpeg, :mp3, :ogg, :m4a, :webm, :mp4, :otf, :ttf, :woff, :woff2, :xml, :rss, :atom, :yaml, :multipart_form, :url_encoded_form, :json, :pdf, :zip, :gzip], :variants=>[], :handlers=>[:raw, :erb, :html, :builder, :ruby, :coffee, :jbuilder]}. Searched in:
  * "/Users/cschreger/Desktop/aA-Classwork/Week 6/ninety_nine_cats/app/views"
:
  app/controllers/cats_controller.rb:5:in `index'

Started GET "/cats" for 127.0.0.1 at 2020-06-19 15:23:15 -0400
Processing by CatsController#index as */*
Completed 500 Internal Server Error in 58ms (ActiveRecord: 0.0ms)



ActionView::MissingTemplate - Missing template cats/index, application/index with {:locale=>[:en], :formats=>[:html, :text, :js, :css, :ics, :csv, :vcf, :vtt, :png, :jpeg, :gif, :bmp, :tiff, :svg, :mpeg, :mp3, :ogg, :m4a, :webm, :mp4, :otf, :ttf, :woff, :woff2, :xml, :rss, :atom, :yaml, :multipart_form, :url_encoded_form, :json, :pdf, :zip, :gzip], :variants=>[], :handlers=>[:raw, :erb, :html, :builder, :ruby, :coffee, :jbuilder]}. Searched in:
  * "/Users/cschreger/Desktop/aA-Classwork/Week 6/ninety_nine_cats/app/views"
:
  app/controllers/cats_controller.rb:5:in `index'

Started GET "/cats" for 127.0.0.1 at 2020-06-19 15:24:31 -0400
Processing by CatsController#index as */*
Completed 500 Internal Server Error in 55ms (ActiveRecord: 0.0ms)



ActionView::MissingTemplate - Missing template cats/index, application/index with {:locale=>[:en], :formats=>[:html, :text, :js, :css, :ics, :csv, :vcf, :vtt, :png, :jpeg, :gif, :bmp, :tiff, :svg, :mpeg, :mp3, :ogg, :m4a, :webm, :mp4, :otf, :ttf, :woff, :woff2, :xml, :rss, :atom, :yaml, :multipart_form, :url_encoded_form, :json, :pdf, :zip, :gzip], :variants=>[], :handlers=>[:raw, :erb, :html, :builder, :ruby, :coffee, :jbuilder]}. Searched in:
  * "/Users/cschreger/Desktop/aA-Classwork/Week 6/ninety_nine_cats/app/views"
:
  app/controllers/cats_controller.rb:5:in `index'

Started GET "/cats" for 127.0.0.1 at 2020-06-19 15:25:23 -0400
Processing by CatsController#index as */*
Completed 500 Internal Server Error in 100ms (ActiveRecord: 0.0ms)



ActionView::MissingTemplate - Missing template cats/index, application/index with {:locale=>[:en], :formats=>[:html, :text, :js, :css, :ics, :csv, :vcf, :vtt, :png, :jpeg, :gif, :bmp, :tiff, :svg, :mpeg, :mp3, :ogg, :m4a, :webm, :mp4, :otf, :ttf, :woff, :woff2, :xml, :rss, :atom, :yaml, :multipart_form, :url_encoded_form, :json, :pdf, :zip, :gzip], :variants=>[], :handlers=>[:raw, :erb, :html, :builder, :ruby, :coffee, :jbuilder]}. Searched in:
  * "/Users/cschreger/Desktop/aA-Classwork/Week 6/ninety_nine_cats/app/views"
:
  app/controllers/cats_controller.rb:5:in `index'

Started GET "/cats" for 127.0.0.1 at 2020-06-19 15:26:04 -0400
  [1m[35m (0.8ms)[0m  [1m[34mSELECT "schema_migrations"."version" FROM "schema_migrations" ORDER BY "schema_migrations"."version" ASC[0m
  ↳ /Users/cschreger/.rbenv/versions/2.5.1/lib/ruby/gems/2.5.0/gems/activerecord-5.2.4.3/lib/active_record/log_subscriber.rb:98
Processing by CatsController#index as */*
Completed 500 Internal Server Error in 74ms (ActiveRecord: 0.0ms)



ActionView::MissingTemplate - Missing template cats/index, application/index with {:locale=>[:en], :formats=>[:html, :text, :js, :css, :ics, :csv, :vcf, :vtt, :png, :jpeg, :gif, :bmp, :tiff, :svg, :mpeg, :mp3, :ogg, :m4a, :webm, :mp4, :otf, :ttf, :woff, :woff2, :xml, :rss, :atom, :yaml, :multipart_form, :url_encoded_form, :json, :pdf, :zip, :gzip], :variants=>[], :handlers=>[:raw, :erb, :html, :builder, :ruby, :coffee, :jbuilder]}. Searched in:
  * "/Users/cschreger/Desktop/aA-Classwork/Week 6/ninety_nine_cats/app/views"
:
  app/controllers/cats_controller.rb:5:in `index'

Started GET "/cats" for 127.0.0.1 at 2020-06-19 15:27:07 -0400
Processing by CatsController#index as */*
Completed 500 Internal Server Error in 72ms (ActiveRecord: 0.0ms)



ActionView::MissingTemplate - Missing template cats/index, application/index with {:locale=>[:en], :formats=>[:html, :text, :js, :css, :ics, :csv, :vcf, :vtt, :png, :jpeg, :gif, :bmp, :tiff, :svg, :mpeg, :mp3, :ogg, :m4a, :webm, :mp4, :otf, :ttf, :woff, :woff2, :xml, :rss, :atom, :yaml, :multipart_form, :url_encoded_form, :json, :pdf, :zip, :gzip], :variants=>[], :handlers=>[:raw, :erb, :html, :builder, :ruby, :coffee, :jbuilder]}. Searched in:
  * "/Users/cschreger/Desktop/aA-Classwork/Week 6/ninety_nine_cats/app/views"
:
  app/controllers/cats_controller.rb:5:in `index'

Started GET "/cats" for 127.0.0.1 at 2020-06-19 15:29:25 -0400
  [1m[35m (1.6ms)[0m  [1m[34mSELECT "schema_migrations"."version" FROM "schema_migrations" ORDER BY "schema_migrations"."version" ASC[0m
  ↳ /Users/cschreger/.rbenv/versions/2.5.1/lib/ruby/gems/2.5.0/gems/activerecord-5.2.4.3/lib/active_record/log_subscriber.rb:98
Processing by CatsController#index as */*
Completed 500 Internal Server Error in 100ms (ActiveRecord: 0.0ms)



ActionView::MissingTemplate - Missing template cats/index, application/index with {:locale=>[:en], :formats=>[:html, :text, :js, :css, :ics, :csv, :vcf, :vtt, :png, :jpeg, :gif, :bmp, :tiff, :svg, :mpeg, :mp3, :ogg, :m4a, :webm, :mp4, :otf, :ttf, :woff, :woff2, :xml, :rss, :atom, :yaml, :multipart_form, :url_encoded_form, :json, :pdf, :zip, :gzip], :variants=>[], :handlers=>[:raw, :erb, :html, :builder, :ruby, :coffee, :jbuilder]}. Searched in:
  * "/Users/cschreger/Desktop/aA-Classwork/Week 6/ninety_nine_cats/app/views"
:
  app/controllers/cats_controller.rb:5:in `index'

Started GET "/cats" for 127.0.0.1 at 2020-06-19 15:32:14 -0400
Processing by CatsController#index as */*
  Rendering cats/index.html.erb within layouts/application
  [1m[36mCat Load (0.4ms)[0m  [1m[34mSELECT  "cats".* FROM "cats" LIMIT $1[0m  [["LIMIT", 11]]
  ↳ app/controllers/cats_controller.rb:5
  [1m[36mCACHE Cat Load (0.0ms)[0m  [1m[34mSELECT  "cats".* FROM "cats" LIMIT $1[0m  [["LIMIT", 11]]
  ↳ app/controllers/cats_controller.rb:5
  [1m[36mCACHE Cat Load (0.0ms)[0m  [1m[34mSELECT  "cats".* FROM "cats" LIMIT $1[0m  [["LIMIT", 11]]
  ↳ app/controllers/cats_controller.rb:5
  [1m[36mCACHE Cat Load (0.0ms)[0m  [1m[34mSELECT  "cats".* FROM "cats" LIMIT $1[0m  [["LIMIT", 11]]
  ↳ app/controllers/cats_controller.rb:5
  [1m[36mCACHE Cat Load (0.0ms)[0m  [1m[34mSELECT  "cats".* FROM "cats" LIMIT $1[0m  [["LIMIT", 11]]
  ↳ app/controllers/cats_controller.rb:5
  [1m[36mCACHE Cat Load (0.0ms)[0m  [1m[34mSELECT  "cats".* FROM "cats" LIMIT $1[0m  [["LIMIT", 11]]
  ↳ app/controllers/cats_controller.rb:5
  [1m[36mCACHE Cat Load (0.0ms)[0m  [1m[34mSELECT  "cats".* FROM "cats" LIMIT $1[0m  [["LIMIT", 11]]
  ↳ app/controllers/cats_controller.rb:5
  [1m[36mCACHE Cat Load (0.0ms)[0m  [1m[34mSELECT  "cats".* FROM "cats" LIMIT $1[0m  [["LIMIT", 11]]
  ↳ app/controllers/cats_controller.rb:5
  [1m[36mCACHE Cat Load (0.0ms)[0m  [1m[34mSELECT  "cats".* FROM "cats" LIMIT $1[0m  [["LIMIT", 11]]
  ↳ app/controllers/cats_controller.rb:5
  [1m[36mCACHE Cat Load (0.0ms)[0m  [1m[34mSELECT  "cats".* FROM "cats" LIMIT $1[0m  [["LIMIT", 11]]
  ↳ app/controllers/cats_controller.rb:5
  [1m[36mCACHE Cat Load (0.0ms)[0m  [1m[34mSELECT  "cats".* FROM "cats" LIMIT $1[0m  [["LIMIT", 11]]
  ↳ app/controllers/cats_controller.rb:5
  [1m[36mCACHE Cat Load (0.1ms)[0m  [1m[34mSELECT  "cats".* FROM "cats" LIMIT $1[0m  [["LIMIT", 11]]
  ↳ app/controllers/cats_controller.rb:5
  [1m[36mCACHE Cat Load (0.0ms)[0m  [1m[34mSELECT  "cats".* FROM "cats" LIMIT $1[0m  [["LIMIT", 11]]
  ↳ app/controllers/cats_controller.rb:5
  [1m[36mCACHE Cat Load (0.0ms)[0m  [1m[34mSELECT  "cats".* FROM "cats" LIMIT $1[0m  [["LIMIT", 11]]
  ↳ app/controllers/cats_controller.rb:5
  [1m[36mCACHE Cat Load (0.0ms)[0m  [1m[34mSELECT  "cats".* FROM "cats" LIMIT $1[0m  [["LIMIT", 11]]
  ↳ app/controllers/cats_controller.rb:5
  [1m[36mCACHE Cat Load (0.0ms)[0m  [1m[34mSELECT  "cats".* FROM "cats" LIMIT $1[0m  [["LIMIT", 11]]
  ↳ app/controllers/cats_controller.rb:5
  [1m[36mCACHE Cat Load (0.0ms)[0m  [1m[34mSELECT  "cats".* FROM "cats" LIMIT $1[0m  [["LIMIT", 11]]
  ↳ app/controllers/cats_controller.rb:5
  [1m[36mCACHE Cat Load (0.0ms)[0m  [1m[34mSELECT  "cats".* FROM "cats" LIMIT $1[0m  [["LIMIT", 11]]
  ↳ app/controllers/cats_controller.rb:5
  [1m[36mCACHE Cat Load (0.1ms)[0m  [1m[34mSELECT  "cats".* FROM "cats" LIMIT $1[0m  [["LIMIT", 11]]
  ↳ app/controllers/cats_controller.rb:5
  [1m[36mCACHE Cat Load (0.0ms)[0m  [1m[34mSELECT  "cats".* FROM "cats" LIMIT $1[0m  [["LIMIT", 11]]
  ↳ app/controllers/cats_controller.rb:5
  Rendered cats/index.html.erb within layouts/application (323.9ms)
Completed 500 Internal Server Error in 363ms (ActiveRecord: 2.6ms)



ActionView::Template::Error - undefined local variable or method `cat' for #<#<Class:0x00007f8a09ffb730>:0x00007f8a0b061570>
Did you mean?  @cats:
  app/views/cats/index.html.erb:5:in `view template'
  app/controllers/cats_controller.rb:5:in `index'

Started GET "/cats" for 127.0.0.1 at 2020-06-19 15:32:27 -0400
Processing by CatsController#index as */*
  Rendering cats/index.html.erb within layouts/application
  [1m[36mCat Load (0.3ms)[0m  [1m[34mSELECT  "cats".* FROM "cats" LIMIT $1[0m  [["LIMIT", 11]]
  ↳ app/controllers/cats_controller.rb:5
  [1m[36mCACHE Cat Load (0.0ms)[0m  [1m[34mSELECT  "cats".* FROM "cats" LIMIT $1[0m  [["LIMIT", 11]]
  ↳ app/controllers/cats_controller.rb:5
  [1m[36mCACHE Cat Load (0.0ms)[0m  [1m[34mSELECT  "cats".* FROM "cats" LIMIT $1[0m  [["LIMIT", 11]]
  ↳ app/controllers/cats_controller.rb:5
  [1m[36mCACHE Cat Load (0.0ms)[0m  [1m[34mSELECT  "cats".* FROM "cats" LIMIT $1[0m  [["LIMIT", 11]]
  ↳ app/controllers/cats_controller.rb:5
  [1m[36mCACHE Cat Load (0.0ms)[0m  [1m[34mSELECT  "cats".* FROM "cats" LIMIT $1[0m  [["LIMIT", 11]]
  ↳ app/controllers/cats_controller.rb:5
  [1m[36mCACHE Cat Load (0.0ms)[0m  [1m[34mSELECT  "cats".* FROM "cats" LIMIT $1[0m  [["LIMIT", 11]]
  ↳ app/controllers/cats_controller.rb:5
  [1m[36mCACHE Cat Load (0.0ms)[0m  [1m[34mSELECT  "cats".* FROM "cats" LIMIT $1[0m  [["LIMIT", 11]]
  ↳ app/controllers/cats_controller.rb:5
  [1m[36mCACHE Cat Load (0.0ms)[0m  [1m[34mSELECT  "cats".* FROM "cats" LIMIT $1[0m  [["LIMIT", 11]]
  ↳ app/controllers/cats_controller.rb:5
  [1m[36mCACHE Cat Load (0.0ms)[0m  [1m[34mSELECT  "cats".* FROM "cats" LIMIT $1[0m  [["LIMIT", 11]]
  ↳ app/controllers/cats_controller.rb:5
  [1m[36mCACHE Cat Load (0.0ms)[0m  [1m[34mSELECT  "cats".* FROM "cats" LIMIT $1[0m  [["LIMIT", 11]]
  ↳ app/controllers/cats_controller.rb:5
  [1m[36mCACHE Cat Load (0.0ms)[0m  [1m[34mSELECT  "cats".* FROM "cats" LIMIT $1[0m  [["LIMIT", 11]]
  ↳ app/controllers/cats_controller.rb:5
  [1m[36mCACHE Cat Load (0.0ms)[0m  [1m[34mSELECT  "cats".* FROM "cats" LIMIT $1[0m  [["LIMIT", 11]]
  ↳ app/controllers/cats_controller.rb:5
  [1m[36mCACHE Cat Load (0.0ms)[0m  [1m[34mSELECT  "cats".* FROM "cats" LIMIT $1[0m  [["LIMIT", 11]]
  ↳ app/controllers/cats_controller.rb:5
  [1m[36mCACHE Cat Load (0.0ms)[0m  [1m[34mSELECT  "cats".* FROM "cats" LIMIT $1[0m  [["LIMIT", 11]]
  ↳ app/controllers/cats_controller.rb:5
  [1m[36mCACHE Cat Load (0.0ms)[0m  [1m[34mSELECT  "cats".* FROM "cats" LIMIT $1[0m  [["LIMIT", 11]]
  ↳ app/controllers/cats_controller.rb:5
  [1m[36mCACHE Cat Load (0.0ms)[0m  [1m[34mSELECT  "cats".* FROM "cats" LIMIT $1[0m  [["LIMIT", 11]]
  ↳ app/controllers/cats_controller.rb:5
  [1m[36mCACHE Cat Load (0.0ms)[0m  [1m[34mSELECT  "cats".* FROM "cats" LIMIT $1[0m  [["LIMIT", 11]]
  ↳ app/controllers/cats_controller.rb:5
  [1m[36mCACHE Cat Load (0.0ms)[0m  [1m[34mSELECT  "cats".* FROM "cats" LIMIT $1[0m  [["LIMIT", 11]]
  ↳ app/controllers/cats_controller.rb:5
  [1m[36mCACHE Cat Load (0.0ms)[0m  [1m[34mSELECT  "cats".* FROM "cats" LIMIT $1[0m  [["LIMIT", 11]]
  ↳ app/controllers/cats_controller.rb:5
  [1m[36mCACHE Cat Load (0.0ms)[0m  [1m[34mSELECT  "cats".* FROM "cats" LIMIT $1[0m  [["LIMIT", 11]]
  ↳ app/controllers/cats_controller.rb:5
  Rendered cats/index.html.erb within layouts/application (336.8ms)
Completed 500 Internal Server Error in 373ms (ActiveRecord: 0.7ms)



ActionView::Template::Error - undefined local variable or method `cat' for #<#<Class:0x00007f8a09ffb730>:0x00007f8a09b16648>
Did you mean?  @cats:
  app/views/cats/index.html.erb:5:in `view template'
  app/controllers/cats_controller.rb:5:in `index'

Started GET "/" for 127.0.0.1 at 2020-06-19 15:33:56 -0400
Processing by Rails::WelcomeController#index as HTML
  Rendering /Users/cschreger/.rbenv/versions/2.5.1/lib/ruby/gems/2.5.0/gems/railties-5.2.4.3/lib/rails/templates/rails/welcome/index.html.erb
  Rendered /Users/cschreger/.rbenv/versions/2.5.1/lib/ruby/gems/2.5.0/gems/railties-5.2.4.3/lib/rails/templates/rails/welcome/index.html.erb (1.7ms)
Completed 200 OK in 10ms (Views: 6.5ms | ActiveRecord: 0.0ms)


Started GET "/cats" for 127.0.0.1 at 2020-06-19 15:34:01 -0400
Processing by CatsController#index as HTML
  Rendering cats/index.html.erb within layouts/application
  [1m[36mCat Load (0.4ms)[0m  [1m[34mSELECT  "cats".* FROM "cats" LIMIT $1[0m  [["LIMIT", 11]]
  ↳ app/controllers/cats_controller.rb:5
  [1m[36mCACHE Cat Load (0.0ms)[0m  [1m[34mSELECT  "cats".* FROM "cats" LIMIT $1[0m  [["LIMIT", 11]]
  ↳ app/controllers/cats_controller.rb:5
  [1m[36mCACHE Cat Load (0.0ms)[0m  [1m[34mSELECT  "cats".* FROM "cats" LIMIT $1[0m  [["LIMIT", 11]]
  ↳ app/controllers/cats_controller.rb:5
  [1m[36mCACHE Cat Load (0.0ms)[0m  [1m[34mSELECT  "cats".* FROM "cats" LIMIT $1[0m  [["LIMIT", 11]]
  ↳ app/controllers/cats_controller.rb:5
  [1m[36mCACHE Cat Load (0.0ms)[0m  [1m[34mSELECT  "cats".* FROM "cats" LIMIT $1[0m  [["LIMIT", 11]]
  ↳ app/controllers/cats_controller.rb:5
  [1m[36mCACHE Cat Load (0.0ms)[0m  [1m[34mSELECT  "cats".* FROM "cats" LIMIT $1[0m  [["LIMIT", 11]]
  ↳ app/controllers/cats_controller.rb:5
  [1m[36mCACHE Cat Load (0.0ms)[0m  [1m[34mSELECT  "cats".* FROM "cats" LIMIT $1[0m  [["LIMIT", 11]]
  ↳ app/controllers/cats_controller.rb:5
  [1m[36mCACHE Cat Load (0.0ms)[0m  [1m[34mSELECT  "cats".* FROM "cats" LIMIT $1[0m  [["LIMIT", 11]]
  ↳ app/controllers/cats_controller.rb:5
  [1m[36mCACHE Cat Load (0.0ms)[0m  [1m[34mSELECT  "cats".* FROM "cats" LIMIT $1[0m  [["LIMIT", 11]]
  ↳ app/controllers/cats_controller.rb:5
  [1m[36mCACHE Cat Load (0.0ms)[0m  [1m[34mSELECT  "cats".* FROM "cats" LIMIT $1[0m  [["LIMIT", 11]]
  ↳ app/controllers/cats_controller.rb:5
  [1m[36mCACHE Cat Load (0.0ms)[0m  [1m[34mSELECT  "cats".* FROM "cats" LIMIT $1[0m  [["LIMIT", 11]]
  ↳ app/controllers/cats_controller.rb:5
  [1m[36mCACHE Cat Load (0.0ms)[0m  [1m[34mSELECT  "cats".* FROM "cats" LIMIT $1[0m  [["LIMIT", 11]]
  ↳ app/controllers/cats_controller.rb:5
  [1m[36mCACHE Cat Load (0.0ms)[0m  [1m[34mSELECT  "cats".* FROM "cats" LIMIT $1[0m  [["LIMIT", 11]]
  ↳ app/controllers/cats_controller.rb:5
  [1m[36mCACHE Cat Load (0.0ms)[0m  [1m[34mSELECT  "cats".* FROM "cats" LIMIT $1[0m  [["LIMIT", 11]]
  ↳ app/controllers/cats_controller.rb:5
  [1m[36mCACHE Cat Load (0.0ms)[0m  [1m[34mSELECT  "cats".* FROM "cats" LIMIT $1[0m  [["LIMIT", 11]]
  ↳ app/controllers/cats_controller.rb:5
  [1m[36mCACHE Cat Load (0.0ms)[0m  [1m[34mSELECT  "cats".* FROM "cats" LIMIT $1[0m  [["LIMIT", 11]]
  ↳ app/controllers/cats_controller.rb:5
  [1m[36mCACHE Cat Load (0.0ms)[0m  [1m[34mSELECT  "cats".* FROM "cats" LIMIT $1[0m  [["LIMIT", 11]]
  ↳ app/controllers/cats_controller.rb:5
  [1m[36mCACHE Cat Load (0.0ms)[0m  [1m[34mSELECT  "cats".* FROM "cats" LIMIT $1[0m  [["LIMIT", 11]]
  ↳ app/controllers/cats_controller.rb:5
  [1m[36mCACHE Cat Load (0.0ms)[0m  [1m[34mSELECT  "cats".* FROM "cats" LIMIT $1[0m  [["LIMIT", 11]]
  ↳ app/controllers/cats_controller.rb:5
  [1m[36mCACHE Cat Load (0.0ms)[0m  [1m[34mSELECT  "cats".* FROM "cats" LIMIT $1[0m  [["LIMIT", 11]]
  ↳ app/controllers/cats_controller.rb:5
  Rendered cats/index.html.erb within layouts/application (272.9ms)
Completed 500 Internal Server Error in 284ms (ActiveRecord: 0.7ms)



ActionView::Template::Error - undefined local variable or method `cat' for #<#<Class:0x00007f8a09ffb730>:0x00007f8a0ac04e00>
Did you mean?  @cats:
  app/views/cats/index.html.erb:5:in `view template'
  app/controllers/cats_controller.rb:5:in `index'

Started POST "/__better_errors/c9c306cb242d5502/variables" for 127.0.0.1 at 2020-06-19 15:34:02 -0400
Started GET "/cats" for 127.0.0.1 at 2020-06-19 15:34:45 -0400
Processing by CatsController#index as HTML
  Rendering cats/index.html.erb within layouts/application
  [1m[36mCat Load (0.4ms)[0m  [1m[34mSELECT "cats".* FROM "cats"[0m
  ↳ app/views/cats/index.html.erb:10
  Rendered cats/index.html.erb within layouts/application (1.8ms)
Completed 200 OK in 419ms (Views: 418.6ms | ActiveRecord: 0.4ms)


  [1m[36mCat Load (0.6ms)[0m  [1m[34mSELECT "cats".* FROM "cats"[0m
  [1m[35m (0.7ms)[0m  [1m[34mSELECT "schema_migrations"."version" FROM "schema_migrations" ORDER BY "schema_migrations"."version" ASC[0m
  ↳ bin/rails:9
  [1m[36mCat Load (0.7ms)[0m  [1m[34mSELECT "cats".* FROM "cats"[0m
  ↳ db/seeds.rb:10
  [1m[35m (0.7ms)[0m  [1m[34mSELECT "schema_migrations"."version" FROM "schema_migrations" ORDER BY "schema_migrations"."version" ASC[0m
  ↳ bin/rails:9
  [1m[36mCat Load (0.6ms)[0m  [1m[34mSELECT "cats".* FROM "cats"[0m
  ↳ db/seeds.rb:10
  [1m[35m (0.2ms)[0m  [1m[35mBEGIN[0m
  ↳ db/seeds.rb:12
  [1m[35m (1.2ms)[0m  [1m[31mROLLBACK[0m
  ↳ db/seeds.rb:12
  [1m[35m (1.0ms)[0m  [1m[34mSELECT "schema_migrations"."version" FROM "schema_migrations" ORDER BY "schema_migrations"."version" ASC[0m
  ↳ bin/rails:9
  [1m[36mCat Load (0.7ms)[0m  [1m[34mSELECT "cats".* FROM "cats"[0m
  ↳ db/seeds.rb:10
  [1m[35m (0.2ms)[0m  [1m[35mBEGIN[0m
  ↳ db/seeds.rb:12
  [1m[36mCat Create (6.5ms)[0m  [1m[32mINSERT INTO "cats" ("birth_date", "color", "name", "sex", "description", "created_at", "updated_at") VALUES ($1, $2, $3, $4, $5, $6, $7) RETURNING "id"[0m  [["birth_date", "2015-01-20"], ["color", "golden"], ["name", "bee"], ["sex", "F"], ["description", "good girl"], ["created_at", "2020-06-19 19:37:42.859297"], ["updated_at", "2020-06-19 19:37:42.859297"]]
  ↳ db/seeds.rb:12
  [1m[35m (2.6ms)[0m  [1m[35mCOMMIT[0m
  ↳ db/seeds.rb:12
  [1m[35m (0.1ms)[0m  [1m[35mBEGIN[0m
  ↳ db/seeds.rb:13
  [1m[36mCat Create (0.5ms)[0m  [1m[32mINSERT INTO "cats" ("birth_date", "color", "name", "sex", "description", "created_at", "updated_at") VALUES ($1, $2, $3, $4, $5, $6, $7) RETURNING "id"[0m  [["birth_date", "2016-05-25"], ["color", "grey"], ["name", "gordon"], ["sex", "M"], ["description", "good boy"], ["created_at", "2020-06-19 19:37:42.870951"], ["updated_at", "2020-06-19 19:37:42.870951"]]
  ↳ db/seeds.rb:13
  [1m[35m (0.5ms)[0m  [1m[35mCOMMIT[0m
  ↳ db/seeds.rb:13
  [1m[35m (0.1ms)[0m  [1m[35mBEGIN[0m
  ↳ db/seeds.rb:14
  [1m[36mCat Create (0.4ms)[0m  [1m[32mINSERT INTO "cats" ("birth_date", "color", "name", "sex", "description", "created_at", "updated_at") VALUES ($1, $2, $3, $4, $5, $6, $7) RETURNING "id"[0m  [["birth_date", "2010-01-20"], ["color", "orange"], ["name", "garfield"], ["sex", "M"], ["description", "bad boy"], ["created_at", "2020-06-19 19:37:42.873712"], ["updated_at", "2020-06-19 19:37:42.873712"]]
  ↳ db/seeds.rb:14
  [1m[35m (0.5ms)[0m  [1m[35mCOMMIT[0m
  ↳ db/seeds.rb:14
  [1m[36mCat Load (1.6ms)[0m  [1m[34mSELECT "cats".* FROM "cats"[0m
Started GET "/cats" for 127.0.0.1 at 2020-06-19 15:38:12 -0400
  [1m[35m (0.8ms)[0m  [1m[34mSELECT "schema_migrations"."version" FROM "schema_migrations" ORDER BY "schema_migrations"."version" ASC[0m
  ↳ /Users/cschreger/.rbenv/versions/2.5.1/lib/ruby/gems/2.5.0/gems/activerecord-5.2.4.3/lib/active_record/log_subscriber.rb:98
Processing by CatsController#index as HTML
  Rendering cats/index.html.erb within layouts/application
  [1m[36mCat Load (0.9ms)[0m  [1m[34mSELECT "cats".* FROM "cats"[0m
  ↳ app/views/cats/index.html.erb:10
  Rendered cats/index.html.erb within layouts/application (22.0ms)
Completed 200 OK in 202ms (Views: 186.1ms | ActiveRecord: 7.5ms)


Started GET "/cats" for 127.0.0.1 at 2020-06-19 15:39:01 -0400
Processing by CatsController#index as HTML
  Rendering cats/index.html.erb within layouts/application
  [1m[36mCat Load (0.6ms)[0m  [1m[34mSELECT "cats".* FROM "cats"[0m
  ↳ app/views/cats/index.html.erb:4
  Rendered cats/index.html.erb within layouts/application (3.1ms)
Completed 200 OK in 17ms (Views: 15.4ms | ActiveRecord: 0.6ms)


Started GET "/cats/1" for 127.0.0.1 at 2020-06-19 15:39:03 -0400
Processing by CatsController#show as HTML
  Parameters: {"id"=>"1"}
  [1m[36mCat Load (0.4ms)[0m  [1m[34mSELECT  "cats".* FROM "cats" WHERE "cats"."id" = $1 LIMIT $2[0m  [["id", 1], ["LIMIT", 1]]
  ↳ app/controllers/cats_controller.rb:9
  Rendering cats/show.html.erb within layouts/application
  Rendered cats/show.html.erb within layouts/application (1.8ms)
Completed 200 OK in 24ms (Views: 13.5ms | ActiveRecord: 0.7ms)


Started GET "/cats/2" for 127.0.0.1 at 2020-06-19 15:39:13 -0400
Processing by CatsController#show as HTML
  Parameters: {"id"=>"2"}
  [1m[36mCat Load (0.5ms)[0m  [1m[34mSELECT  "cats".* FROM "cats" WHERE "cats"."id" = $1 LIMIT $2[0m  [["id", 2], ["LIMIT", 1]]
  ↳ app/controllers/cats_controller.rb:9
  Rendering cats/show.html.erb within layouts/application
  Rendered cats/show.html.erb within layouts/application (1.8ms)
Completed 200 OK in 22ms (Views: 20.2ms | ActiveRecord: 0.5ms)


Started GET "/cats" for 127.0.0.1 at 2020-06-19 15:41:23 -0400
  [1m[35m (1.0ms)[0m  [1m[34mSELECT "schema_migrations"."version" FROM "schema_migrations" ORDER BY "schema_migrations"."version" ASC[0m
  ↳ /Users/cschreger/.rbenv/versions/2.5.1/lib/ruby/gems/2.5.0/gems/activerecord-5.2.4.3/lib/active_record/log_subscriber.rb:98
Processing by CatsController#index as HTML
  Rendering cats/index.html.erb within layouts/application
  [1m[36mCat Load (0.8ms)[0m  [1m[34mSELECT "cats".* FROM "cats"[0m
  ↳ app/views/cats/index.html.erb:4
  Rendered cats/index.html.erb within layouts/application (32.5ms)
Completed 200 OK in 201ms (Views: 186.4ms | ActiveRecord: 6.9ms)


Started GET "/cats/3" for 127.0.0.1 at 2020-06-19 15:41:25 -0400
Processing by CatsController#show as HTML
  Parameters: {"id"=>"3"}
  [1m[36mCat Load (0.5ms)[0m  [1m[34mSELECT  "cats".* FROM "cats" WHERE "cats"."id" = $1 LIMIT $2[0m  [["id", 3], ["LIMIT", 1]]
  ↳ app/controllers/cats_controller.rb:9
  Rendering cats/show.html.erb within layouts/application
  Rendered cats/show.html.erb within layouts/application (5.3ms)
Completed 200 OK in 25ms (Views: 20.1ms | ActiveRecord: 0.8ms)


Started GET "/cats/3" for 127.0.0.1 at 2020-06-19 15:42:04 -0400
Processing by CatsController#show as HTML
  Parameters: {"id"=>"3"}
  [1m[36mCat Load (0.5ms)[0m  [1m[34mSELECT  "cats".* FROM "cats" WHERE "cats"."id" = $1 LIMIT $2[0m  [["id", 3], ["LIMIT", 1]]
  ↳ app/controllers/cats_controller.rb:9
  Rendering cats/show.html.erb within layouts/application
  Rendered cats/show.html.erb within layouts/application (1.3ms)
Completed 200 OK in 22ms (Views: 20.2ms | ActiveRecord: 0.5ms)


Started GET "/" for ::1 at 2020-06-19 16:31:22 -0400
Processing by Rails::WelcomeController#index as HTML
  Rendering /Users/cschreger/.rbenv/versions/2.5.1/lib/ruby/gems/2.5.0/gems/railties-5.2.4.3/lib/rails/templates/rails/welcome/index.html.erb
  Rendered /Users/cschreger/.rbenv/versions/2.5.1/lib/ruby/gems/2.5.0/gems/railties-5.2.4.3/lib/rails/templates/rails/welcome/index.html.erb (9.5ms)
Completed 200 OK in 38ms (Views: 20.7ms | ActiveRecord: 0.0ms)


Started GET "/cats" for ::1 at 2020-06-19 16:31:40 -0400
Processing by CatsController#index as HTML
  Rendering cats/index.html.erb within layouts/application
  [1m[36mCat Load (1.7ms)[0m  [1m[34mSELECT "cats".* FROM "cats"[0m
  ↳ app/views/cats/index.html.erb:4
  Rendered cats/index.html.erb within layouts/application (36.2ms)
Completed 200 OK in 68ms (Views: 45.1ms | ActiveRecord: 15.9ms)


Started GET "/cats/1" for ::1 at 2020-06-19 16:31:42 -0400
Processing by CatsController#show as HTML
  Parameters: {"id"=>"1"}
  [1m[36mCat Load (0.6ms)[0m  [1m[34mSELECT  "cats".* FROM "cats" WHERE "cats"."id" = $1 LIMIT $2[0m  [["id", 1], ["LIMIT", 1]]
  ↳ app/controllers/cats_controller.rb:9
  Rendering cats/show.html.erb within layouts/application
  Rendered cats/show.html.erb within layouts/application (2.4ms)
Completed 200 OK in 29ms (Views: 23.3ms | ActiveRecord: 1.2ms)


Started GET "/cats/3" for ::1 at 2020-06-19 16:31:44 -0400
Processing by CatsController#show as HTML
  Parameters: {"id"=>"3"}
  [1m[36mCat Load (0.6ms)[0m  [1m[34mSELECT  "cats".* FROM "cats" WHERE "cats"."id" = $1 LIMIT $2[0m  [["id", 3], ["LIMIT", 1]]
  ↳ app/controllers/cats_controller.rb:9
  Rendering cats/show.html.erb within layouts/application
  Rendered cats/show.html.erb within layouts/application (1.2ms)
Completed 200 OK in 24ms (Views: 21.7ms | ActiveRecord: 0.6ms)


Started GET "/cats/new" for ::1 at 2020-06-19 16:31:51 -0400
Processing by CatsController#new as HTML
Completed 500 Internal Server Error in 11ms (ActiveRecord: 0.0ms)



ActionView::MissingTemplate - Missing template cats/new, application/new with {:locale=>[:en], :formats=>[:html], :variants=>[], :handlers=>[:raw, :erb, :html, :builder, :ruby, :coffee, :jbuilder]}. Searched in:
  * "/Users/cschreger/Desktop/aA-Classwork/Week 6/ninety_nine_cats/app/views"
:
  app/controllers/cats_controller.rb:15:in `new'

Started POST "/__better_errors/24487e0f60065162/variables" for ::1 at 2020-06-19 16:31:51 -0400
Started GET "/cats/new" for ::1 at 2020-06-19 16:34:53 -0400
Processing by CatsController#new as HTML
  Rendering cats/new.html.erb within layouts/application
  Rendered cats/new.html.erb within layouts/application (693.6ms)
Completed 500 Internal Server Error in 720ms (ActiveRecord: 0.0ms)



ActionView::Template::Error - undefined local variable or method `new' for #<#<Class:0x00007fdaf70d7490>:0x00007fdaef43a478>:
  app/views/cats/new.html.erb:3:in `view template'
  app/controllers/cats_controller.rb:15:in `new'

Started POST "/__better_errors/347649f75a25ffc3/variables" for ::1 at 2020-06-19 16:34:54 -0400
Started GET "/cats/new" for ::1 at 2020-06-19 16:35:18 -0400
Processing by CatsController#new as HTML
  Rendering cats/new.html.erb within layouts/application
  Rendered cats/_form.html.erb (3.5ms)
  Rendered cats/new.html.erb within layouts/application (7.3ms)
Completed 500 Internal Server Error in 15ms (ActiveRecord: 0.0ms)



ActionView::Template::Error - wrong number of arguments (given 0, expected 1):
  app/views/cats/_form.html.erb:10:in `view template'
  app/views/cats/new.html.erb:3:in `_app_views_cats_new_html_erb__3309105236299092779_70289147218860'
  app/controllers/cats_controller.rb:15:in `new'

Started POST "/__better_errors/ee18a2a863de0fc6/variables" for ::1 at 2020-06-19 16:35:18 -0400
Started POST "/__better_errors/ee18a2a863de0fc6/variables" for ::1 at 2020-06-19 16:35:34 -0400
Started POST "/__better_errors/ee18a2a863de0fc6/variables" for ::1 at 2020-06-19 16:35:36 -0400
Started GET "/cats/new" for ::1 at 2020-06-19 16:37:57 -0400
Processing by CatsController#new as HTML
  Rendering cats/new.html.erb within layouts/application
  Rendered cats/_form.html.erb (1.1ms)
  Rendered cats/new.html.erb within layouts/application (4.1ms)
Completed 200 OK in 19ms (Views: 17.9ms | ActiveRecord: 0.0ms)


Started POST "/cats" for ::1 at 2020-06-19 16:39:10 -0400
Processing by CatsController#create as HTML
  Parameters: {"cat"=>{"name"=>"Rosemary", "birth_date"=>"2020-06-19", "color"=>"White", "sex"=>"F", "description"=>" Rosemary is a lovely cat and a fantastic TA."}}
  [1m[35m (0.3ms)[0m  [1m[35mBEGIN[0m
  ↳ app/controllers/cats_controller.rb:36
  [1m[36mCat Create (1.2ms)[0m  [1m[32mINSERT INTO "cats" ("birth_date", "color", "name", "sex", "description", "created_at", "updated_at") VALUES ($1, $2, $3, $4, $5, $6, $7) RETURNING "id"[0m  [["birth_date", "2020-06-19"], ["color", "White"], ["name", "Rosemary"], ["sex", "F"], ["description", " Rosemary is a lovely cat and a fantastic TA."], ["created_at", "2020-06-19 20:39:10.439703"], ["updated_at", "2020-06-19 20:39:10.439703"]]
  ↳ app/controllers/cats_controller.rb:36
  [1m[35m (2.9ms)[0m  [1m[35mCOMMIT[0m
  ↳ app/controllers/cats_controller.rb:36
Completed 500 Internal Server Error in 183ms (ActiveRecord: 4.4ms)



NoMethodError - undefined method `redirect_to_cat_url' for #<CatsController:0x00007fdaf1868e80>
Did you mean?  redirect_to:
  app/controllers/cats_controller.rb:37:in `create'

Started POST "/__better_errors/ce0e4e475e39e202/variables" for ::1 at 2020-06-19 16:39:10 -0400
Started POST "/cats" for ::1 at 2020-06-19 16:40:15 -0400
Processing by CatsController#create as HTML
  Parameters: {"cat"=>{"name"=>"Rosemary", "birth_date"=>"2020-06-19", "color"=>"White", "sex"=>"F", "description"=>" Rosemary is a lovely cat and a fantastic TA."}}
  [1m[35m (0.2ms)[0m  [1m[35mBEGIN[0m
  ↳ app/controllers/cats_controller.rb:36
  [1m[36mCat Create (0.9ms)[0m  [1m[32mINSERT INTO "cats" ("birth_date", "color", "name", "sex", "description", "created_at", "updated_at") VALUES ($1, $2, $3, $4, $5, $6, $7) RETURNING "id"[0m  [["birth_date", "2020-06-19"], ["color", "White"], ["name", "Rosemary"], ["sex", "F"], ["description", " Rosemary is a lovely cat and a fantastic TA."], ["created_at", "2020-06-19 20:40:15.661082"], ["updated_at", "2020-06-19 20:40:15.661082"]]
  ↳ app/controllers/cats_controller.rb:36
  [1m[35m (0.6ms)[0m  [1m[35mCOMMIT[0m
  ↳ app/controllers/cats_controller.rb:36
Redirected to http://localhost:3000/cats/5
Completed 302 Found in 27ms (ActiveRecord: 9.1ms)


Started GET "/cats/5" for ::1 at 2020-06-19 16:40:15 -0400
Processing by CatsController#show as HTML
  Parameters: {"id"=>"5"}
  [1m[36mCat Load (0.6ms)[0m  [1m[34mSELECT  "cats".* FROM "cats" WHERE "cats"."id" = $1 LIMIT $2[0m  [["id", 5], ["LIMIT", 1]]
  ↳ app/controllers/cats_controller.rb:9
  Rendering cats/show.html.erb within layouts/application
  Rendered cats/show.html.erb within layouts/application (1.0ms)
Completed 200 OK in 22ms (Views: 19.4ms | ActiveRecord: 0.6ms)


Started GET "/cats" for ::1 at 2020-06-19 16:40:25 -0400
Processing by CatsController#index as HTML
  Rendering cats/index.html.erb within layouts/application
  [1m[36mCat Load (0.4ms)[0m  [1m[34mSELECT "cats".* FROM "cats"[0m
  ↳ app/views/cats/index.html.erb:4
  Rendered cats/index.html.erb within layouts/application (2.9ms)
Completed 200 OK in 17ms (Views: 16.2ms | ActiveRecord: 0.4ms)


Started GET "/cats/4" for ::1 at 2020-06-19 16:40:40 -0400
Processing by CatsController#show as HTML
  Parameters: {"id"=>"4"}
  [1m[36mCat Load (0.5ms)[0m  [1m[34mSELECT  "cats".* FROM "cats" WHERE "cats"."id" = $1 LIMIT $2[0m  [["id", 4], ["LIMIT", 1]]
  ↳ app/controllers/cats_controller.rb:9
  Rendering cats/show.html.erb within layouts/application
  Rendered cats/show.html.erb within layouts/application (1.3ms)
Completed 200 OK in 17ms (Views: 15.0ms | ActiveRecord: 0.5ms)


Started GET "/cats/5" for ::1 at 2020-06-19 16:40:42 -0400
Processing by CatsController#show as HTML
  Parameters: {"id"=>"5"}
  [1m[36mCat Load (0.5ms)[0m  [1m[34mSELECT  "cats".* FROM "cats" WHERE "cats"."id" = $1 LIMIT $2[0m  [["id", 5], ["LIMIT", 1]]
  ↳ app/controllers/cats_controller.rb:9
  Rendering cats/show.html.erb within layouts/application
  Rendered cats/show.html.erb within layouts/application (0.9ms)
Completed 200 OK in 16ms (Views: 14.0ms | ActiveRecord: 0.5ms)


Started GET "/cats/4" for ::1 at 2020-06-19 16:40:44 -0400
Processing by CatsController#show as HTML
  Parameters: {"id"=>"4"}
  [1m[36mCat Load (0.5ms)[0m  [1m[34mSELECT  "cats".* FROM "cats" WHERE "cats"."id" = $1 LIMIT $2[0m  [["id", 4], ["LIMIT", 1]]
  ↳ app/controllers/cats_controller.rb:9
  Rendering cats/show.html.erb within layouts/application
  Rendered cats/show.html.erb within layouts/application (0.8ms)
Completed 200 OK in 16ms (Views: 14.0ms | ActiveRecord: 0.5ms)


Started GET "/cats/new" for ::1 at 2020-06-19 16:40:52 -0400
Processing by CatsController#new as HTML
  Rendering cats/new.html.erb within layouts/application
  Rendered cats/_form.html.erb (0.6ms)
  Rendered cats/new.html.erb within layouts/application (3.4ms)
Completed 200 OK in 16ms (Views: 15.1ms | ActiveRecord: 0.0ms)


Started POST "/cats" for ::1 at 2020-06-19 16:41:11 -0400
Processing by CatsController#create as HTML
  Parameters: {"cat"=>{"name"=>"Andy", "birth_date"=>"2016-03-04", "color"=>"Australian", "sex"=>"M", "description"=>" Dollarydoos!"}}
  [1m[35m (0.2ms)[0m  [1m[35mBEGIN[0m
  ↳ app/controllers/cats_controller.rb:36
  [1m[36mCat Create (0.8ms)[0m  [1m[32mINSERT INTO "cats" ("birth_date", "color", "name", "sex", "description", "created_at", "updated_at") VALUES ($1, $2, $3, $4, $5, $6, $7) RETURNING "id"[0m  [["birth_date", "2016-03-04"], ["color", "Australian"], ["name", "Andy"], ["sex", "M"], ["description", " Dollarydoos!"], ["created_at", "2020-06-19 20:41:11.951914"], ["updated_at", "2020-06-19 20:41:11.951914"]]
  ↳ app/controllers/cats_controller.rb:36
  [1m[35m (0.6ms)[0m  [1m[35mCOMMIT[0m
  ↳ app/controllers/cats_controller.rb:36
Redirected to http://localhost:3000/cats/6
Completed 302 Found in 6ms (ActiveRecord: 1.6ms)


Started GET "/cats/6" for ::1 at 2020-06-19 16:41:11 -0400
Processing by CatsController#show as HTML
  Parameters: {"id"=>"6"}
  [1m[36mCat Load (0.3ms)[0m  [1m[34mSELECT  "cats".* FROM "cats" WHERE "cats"."id" = $1 LIMIT $2[0m  [["id", 6], ["LIMIT", 1]]
  ↳ app/controllers/cats_controller.rb:9
  Rendering cats/show.html.erb within layouts/application
  Rendered cats/show.html.erb within layouts/application (1.2ms)
Completed 200 OK in 16ms (Views: 14.3ms | ActiveRecord: 0.3ms)


Started GET "/cats" for ::1 at 2020-06-19 16:41:16 -0400
Processing by CatsController#index as HTML
  Rendering cats/index.html.erb within layouts/application
  [1m[36mCat Load (0.4ms)[0m  [1m[34mSELECT "cats".* FROM "cats"[0m
  ↳ app/views/cats/index.html.erb:4
  Rendered cats/index.html.erb within layouts/application (2.0ms)
Completed 200 OK in 14ms (Views: 13.2ms | ActiveRecord: 0.4ms)


Started GET "/cats/new/5/edit" for ::1 at 2020-06-19 16:42:24 -0400
  
ActionController::RoutingError (No route matches [GET] "/cats/new/5/edit"):
  
actionpack (5.2.4.3) lib/action_dispatch/middleware/debug_exceptions.rb:65:in `call'
web-console (3.7.0) lib/web_console/middleware.rb:135:in `call_app'
web-console (3.7.0) lib/web_console/middleware.rb:30:in `block in call'
web-console (3.7.0) lib/web_console/middleware.rb:20:in `catch'
web-console (3.7.0) lib/web_console/middleware.rb:20:in `call'
actionpack (5.2.4.3) lib/action_dispatch/middleware/show_exceptions.rb:33:in `call'
railties (5.2.4.3) lib/rails/rack/logger.rb:38:in `call_app'
railties (5.2.4.3) lib/rails/rack/logger.rb:26:in `block in call'
activesupport (5.2.4.3) lib/active_support/tagged_logging.rb:71:in `block in tagged'
activesupport (5.2.4.3) lib/active_support/tagged_logging.rb:28:in `tagged'
activesupport (5.2.4.3) lib/active_support/tagged_logging.rb:71:in `tagged'
railties (5.2.4.3) lib/rails/rack/logger.rb:26:in `call'
sprockets-rails (3.2.1) lib/sprockets/rails/quiet_assets.rb:13:in `call'
actionpack (5.2.4.3) lib/action_dispatch/middleware/remote_ip.rb:81:in `call'
actionpack (5.2.4.3) lib/action_dispatch/middleware/request_id.rb:27:in `call'
rack (2.2.3) lib/rack/method_override.rb:24:in `call'
rack (2.2.3) lib/rack/runtime.rb:22:in `call'
activesupport (5.2.4.3) lib/active_support/cache/strategy/local_cache_middleware.rb:29:in `call'
actionpack (5.2.4.3) lib/action_dispatch/middleware/executor.rb:14:in `call'
actionpack (5.2.4.3) lib/action_dispatch/middleware/static.rb:127:in `call'
rack (2.2.3) lib/rack/sendfile.rb:110:in `call'
railties (5.2.4.3) lib/rails/engine.rb:524:in `call'
puma (3.12.6) lib/puma/configuration.rb:227:in `call'
puma (3.12.6) lib/puma/server.rb:706:in `handle_request'
puma (3.12.6) lib/puma/server.rb:476:in `process_client'
puma (3.12.6) lib/puma/server.rb:334:in `block in run'
puma (3.12.6) lib/puma/thread_pool.rb:135:in `block in spawn_thread'
Started GET "/cats/5/edit" for ::1 at 2020-06-19 16:42:35 -0400
Processing by CatsController#edit as HTML
  Parameters: {"id"=>"5"}
  [1m[36mCat Load (0.3ms)[0m  [1m[34mSELECT  "cats".* FROM "cats" WHERE "cats"."id" = $1 LIMIT $2[0m  [["id", 5], ["LIMIT", 1]]
  ↳ app/controllers/cats_controller.rb:19
  Rendering cats/edit.html.erb within layouts/application
  Rendered cats/_form.html.erb (0.7ms)
  Rendered cats/edit.html.erb within layouts/application (3.6ms)
Completed 200 OK in 18ms (Views: 16.1ms | ActiveRecord: 0.3ms)


Started GET "/cats/4/edit" for ::1 at 2020-06-19 16:43:01 -0400
Processing by CatsController#edit as HTML
  Parameters: {"id"=>"4"}
  [1m[36mCat Load (0.4ms)[0m  [1m[34mSELECT  "cats".* FROM "cats" WHERE "cats"."id" = $1 LIMIT $2[0m  [["id", 4], ["LIMIT", 1]]
  ↳ app/controllers/cats_controller.rb:19
  Rendering cats/edit.html.erb within layouts/application
  Rendered cats/_form.html.erb (1.2ms)
  Rendered cats/edit.html.erb within layouts/application (3.6ms)
Completed 200 OK in 17ms (Views: 14.6ms | ActiveRecord: 0.4ms)


Started GET "/cats/6/edit" for ::1 at 2020-06-19 16:43:05 -0400
Processing by CatsController#edit as HTML
  Parameters: {"id"=>"6"}
  [1m[36mCat Load (0.2ms)[0m  [1m[34mSELECT  "cats".* FROM "cats" WHERE "cats"."id" = $1 LIMIT $2[0m  [["id", 6], ["LIMIT", 1]]
  ↳ app/controllers/cats_controller.rb:19
  Rendering cats/edit.html.erb within layouts/application
  Rendered cats/_form.html.erb (1.0ms)
  Rendered cats/edit.html.erb within layouts/application (3.9ms)
Completed 200 OK in 15ms (Views: 13.6ms | ActiveRecord: 0.2ms)


Started GET "/cats/6/edit" for ::1 at 2020-06-19 16:45:12 -0400
Processing by CatsController#edit as HTML
  Parameters: {"id"=>"6"}
  [1m[36mCat Load (0.3ms)[0m  [1m[34mSELECT  "cats".* FROM "cats" WHERE "cats"."id" = $1 LIMIT $2[0m  [["id", 6], ["LIMIT", 1]]
  ↳ app/controllers/cats_controller.rb:19
  Rendering cats/edit.html.erb within layouts/application
  Rendered cats/_form.html.erb (0.8ms)
  Rendered cats/edit.html.erb within layouts/application (3.2ms)
Completed 200 OK in 18ms (Views: 16.0ms | ActiveRecord: 0.3ms)


Started GET "/cats/6/edit" for ::1 at 2020-06-19 16:45:13 -0400
Processing by CatsController#edit as HTML
  Parameters: {"id"=>"6"}
  [1m[36mCat Load (0.4ms)[0m  [1m[34mSELECT  "cats".* FROM "cats" WHERE "cats"."id" = $1 LIMIT $2[0m  [["id", 6], ["LIMIT", 1]]
  ↳ app/controllers/cats_controller.rb:19
  Rendering cats/edit.html.erb within layouts/application
  Rendered cats/_form.html.erb (0.7ms)
  Rendered cats/edit.html.erb within layouts/application (3.2ms)
Completed 200 OK in 14ms (Views: 12.2ms | ActiveRecord: 0.4ms)


Started GET "/cats/6" for ::1 at 2020-06-19 16:45:21 -0400
Processing by CatsController#show as HTML
  Parameters: {"id"=>"6"}
  [1m[36mCat Load (0.3ms)[0m  [1m[34mSELECT  "cats".* FROM "cats" WHERE "cats"."id" = $1 LIMIT $2[0m  [["id", 6], ["LIMIT", 1]]
  ↳ app/controllers/cats_controller.rb:9
  Rendering cats/show.html.erb within layouts/application
  Rendered cats/show.html.erb within layouts/application (0.9ms)
Completed 200 OK in 14ms (Views: 12.6ms | ActiveRecord: 0.3ms)


Started GET "/cats/4" for ::1 at 2020-06-19 16:45:26 -0400
Processing by CatsController#show as HTML
  Parameters: {"id"=>"4"}
  [1m[36mCat Load (0.4ms)[0m  [1m[34mSELECT  "cats".* FROM "cats" WHERE "cats"."id" = $1 LIMIT $2[0m  [["id", 4], ["LIMIT", 1]]
  ↳ app/controllers/cats_controller.rb:9
  Rendering cats/show.html.erb within layouts/application
  Rendered cats/show.html.erb within layouts/application (0.6ms)
Completed 200 OK in 12ms (Views: 10.3ms | ActiveRecord: 0.4ms)


Started GET "/cats/5" for ::1 at 2020-06-19 16:45:28 -0400
Processing by CatsController#show as HTML
  Parameters: {"id"=>"5"}
  [1m[36mCat Load (0.2ms)[0m  [1m[34mSELECT  "cats".* FROM "cats" WHERE "cats"."id" = $1 LIMIT $2[0m  [["id", 5], ["LIMIT", 1]]
  ↳ app/controllers/cats_controller.rb:9
  Rendering cats/show.html.erb within layouts/application
  Rendered cats/show.html.erb within layouts/application (0.7ms)
Completed 200 OK in 13ms (Views: 11.2ms | ActiveRecord: 0.2ms)


Started GET "/cats/5" for ::1 at 2020-06-19 16:46:38 -0400
Processing by CatsController#show as HTML
  Parameters: {"id"=>"5"}
  [1m[36mCat Load (0.6ms)[0m  [1m[34mSELECT  "cats".* FROM "cats" WHERE "cats"."id" = $1 LIMIT $2[0m  [["id", 5], ["LIMIT", 1]]
  ↳ app/controllers/cats_controller.rb:9
  Rendering cats/show.html.erb within layouts/application
  Rendered cats/show.html.erb within layouts/application (1.0ms)
Completed 200 OK in 19ms (Views: 15.9ms | ActiveRecord: 0.6ms)


Started GET "/cats/5/edit" for ::1 at 2020-06-19 16:46:47 -0400
Processing by CatsController#edit as HTML
  Parameters: {"id"=>"5"}
  [1m[36mCat Load (0.4ms)[0m  [1m[34mSELECT  "cats".* FROM "cats" WHERE "cats"."id" = $1 LIMIT $2[0m  [["id", 5], ["LIMIT", 1]]
  ↳ app/controllers/cats_controller.rb:19
  Rendering cats/edit.html.erb within layouts/application
  Rendered cats/_form.html.erb (0.8ms)
  Rendered cats/edit.html.erb within layouts/application (3.5ms)
Completed 200 OK in 17ms (Views: 14.6ms | ActiveRecord: 0.4ms)


Started GET "/cats/" for ::1 at 2020-06-19 16:47:05 -0400
Processing by CatsController#index as HTML
  Rendering cats/index.html.erb within layouts/application
  [1m[36mCat Load (0.6ms)[0m  [1m[34mSELECT "cats".* FROM "cats"[0m
  ↳ app/views/cats/index.html.erb:4
  Rendered cats/index.html.erb within layouts/application (2.9ms)
Completed 200 OK in 21ms (Views: 20.0ms | ActiveRecord: 0.6ms)


Started GET "/cats/6" for ::1 at 2020-06-19 16:47:07 -0400
Processing by CatsController#show as HTML
  Parameters: {"id"=>"6"}
  [1m[36mCat Load (0.3ms)[0m  [1m[34mSELECT  "cats".* FROM "cats" WHERE "cats"."id" = $1 LIMIT $2[0m  [["id", 6], ["LIMIT", 1]]
  ↳ app/controllers/cats_controller.rb:9
  Rendering cats/show.html.erb within layouts/application
  Rendered cats/show.html.erb within layouts/application (10.4ms)
Completed 200 OK in 26ms (Views: 24.6ms | ActiveRecord: 0.3ms)


Started GET "/cats/6/edit" for ::1 at 2020-06-19 16:47:14 -0400
Processing by CatsController#edit as HTML
  Parameters: {"id"=>"6"}
  [1m[36mCat Load (0.3ms)[0m  [1m[34mSELECT  "cats".* FROM "cats" WHERE "cats"."id" = $1 LIMIT $2[0m  [["id", 6], ["LIMIT", 1]]
  ↳ app/controllers/cats_controller.rb:19
  Rendering cats/edit.html.erb within layouts/application
  Rendered cats/_form.html.erb (0.8ms)
  Rendered cats/edit.html.erb within layouts/application (3.8ms)
Completed 200 OK in 15ms (Views: 13.8ms | ActiveRecord: 0.3ms)


Started PATCH "/cats/6" for ::1 at 2020-06-19 16:49:58 -0400
Processing by CatsController#update as HTML
  Parameters: {"cat"=>{"name"=>"Andy", "birth_date"=>"2016-03-04", "color"=>"Yellow", "sex"=>"M", "description"=>" Australian mancoon."}, "id"=>"6"}
  [1m[36mCat Load (0.5ms)[0m  [1m[34mSELECT  "cats".* FROM "cats" WHERE "cats"."id" = $1 LIMIT $2[0m  [["id", 6], ["LIMIT", 1]]
  ↳ app/controllers/cats_controller.rb:24
  [1m[35m (0.2ms)[0m  [1m[35mBEGIN[0m
  ↳ app/controllers/cats_controller.rb:26
  [1m[35m (0.3ms)[0m  [1m[35mCOMMIT[0m
  ↳ app/controllers/cats_controller.rb:26
Redirected to http://localhost:3000/cats/6
Completed 302 Found in 5ms (ActiveRecord: 1.0ms)


Started GET "/cats/6" for ::1 at 2020-06-19 16:49:58 -0400
Processing by CatsController#show as HTML
  Parameters: {"id"=>"6"}
  [1m[36mCat Load (0.3ms)[0m  [1m[34mSELECT  "cats".* FROM "cats" WHERE "cats"."id" = $1 LIMIT $2[0m  [["id", 6], ["LIMIT", 1]]
  ↳ app/controllers/cats_controller.rb:9
  Rendering cats/show.html.erb within layouts/application
  Rendered cats/show.html.erb within layouts/application (0.7ms)
Completed 200 OK in 16ms (Views: 15.0ms | ActiveRecord: 0.3ms)


Started GET "/cats/6" for ::1 at 2020-06-19 16:50:04 -0400
Processing by CatsController#show as HTML
  Parameters: {"id"=>"6"}
  [1m[36mCat Load (0.3ms)[0m  [1m[34mSELECT  "cats".* FROM "cats" WHERE "cats"."id" = $1 LIMIT $2[0m  [["id", 6], ["LIMIT", 1]]
  ↳ app/controllers/cats_controller.rb:9
  Rendering cats/show.html.erb within layouts/application
  Rendered cats/show.html.erb within layouts/application (1.2ms)
Completed 200 OK in 17ms (Views: 15.7ms | ActiveRecord: 0.3ms)


Started GET "/cats" for 127.0.0.1 at 2020-06-19 16:55:01 -0400
Processing by CatsController#index as HTML
  Rendering cats/index.html.erb within layouts/application
  [1m[36mCat Load (0.5ms)[0m  [1m[34mSELECT "cats".* FROM "cats"[0m
  ↳ app/views/cats/index.html.erb:4
  Rendered cats/index.html.erb within layouts/application (3.1ms)
Completed 200 OK in 19ms (Views: 17.7ms | ActiveRecord: 0.5ms)


Started GET "/cats/new" for 127.0.0.1 at 2020-06-19 16:55:11 -0400
Processing by CatsController#new as HTML
  Rendering cats/new.html.erb within layouts/application
  Rendered cats/_form.html.erb (0.9ms)
  Rendered cats/new.html.erb within layouts/application (5.3ms)
Completed 200 OK in 21ms (Views: 19.9ms | ActiveRecord: 0.0ms)


Started GET "/cats/5/edit" for 127.0.0.1 at 2020-06-19 16:55:19 -0400
Processing by CatsController#edit as HTML
  Parameters: {"id"=>"5"}
  [1m[36mCat Load (0.3ms)[0m  [1m[34mSELECT  "cats".* FROM "cats" WHERE "cats"."id" = $1 LIMIT $2[0m  [["id", 5], ["LIMIT", 1]]
  ↳ app/controllers/cats_controller.rb:19
  Rendering cats/edit.html.erb within layouts/application
  Rendered cats/_form.html.erb (0.8ms)
  Rendered cats/edit.html.erb within layouts/application (2.9ms)
Completed 200 OK in 16ms (Views: 14.2ms | ActiveRecord: 0.3ms)


Started PATCH "/cats/5" for 127.0.0.1 at 2020-06-19 16:55:30 -0400
Processing by CatsController#update as HTML
  Parameters: {"cat"=>{"name"=>"Valerie", "birth_date"=>"2020-06-19", "color"=>"White", "sex"=>"F", "description"=>" "}, "id"=>"5"}
  [1m[36mCat Load (0.3ms)[0m  [1m[34mSELECT  "cats".* FROM "cats" WHERE "cats"."id" = $1 LIMIT $2[0m  [["id", 5], ["LIMIT", 1]]
  ↳ app/controllers/cats_controller.rb:24
  [1m[35m (0.1ms)[0m  [1m[35mBEGIN[0m
  ↳ app/controllers/cats_controller.rb:26
  [1m[35m (0.2ms)[0m  [1m[35mCOMMIT[0m
  ↳ app/controllers/cats_controller.rb:26
Redirected to http://localhost:3000/cats/5
Completed 302 Found in 3ms (ActiveRecord: 0.6ms)


Started GET "/cats/5" for 127.0.0.1 at 2020-06-19 16:55:30 -0400
Processing by CatsController#show as HTML
  Parameters: {"id"=>"5"}
  [1m[36mCat Load (0.4ms)[0m  [1m[34mSELECT  "cats".* FROM "cats" WHERE "cats"."id" = $1 LIMIT $2[0m  [["id", 5], ["LIMIT", 1]]
  ↳ app/controllers/cats_controller.rb:9
  Rendering cats/show.html.erb within layouts/application
  Rendered cats/show.html.erb within layouts/application (0.9ms)
Completed 200 OK in 21ms (Views: 18.5ms | ActiveRecord: 0.4ms)


Started GET "/cats/5/edit" for 127.0.0.1 at 2020-06-19 16:57:40 -0400
Processing by CatsController#edit as HTML
  Parameters: {"id"=>"5"}
  [1m[36mCat Load (0.4ms)[0m  [1m[34mSELECT  "cats".* FROM "cats" WHERE "cats"."id" = $1 LIMIT $2[0m  [["id", 5], ["LIMIT", 1]]
  ↳ app/controllers/cats_controller.rb:19
  Rendering cats/edit.html.erb within layouts/application
  Rendered cats/_form.html.erb (0.8ms)
  Rendered cats/edit.html.erb within layouts/application (2.9ms)
Completed 200 OK in 29ms (Views: 12.2ms | ActiveRecord: 5.0ms)


Started PATCH "/cats/5" for 127.0.0.1 at 2020-06-19 16:57:47 -0400
Processing by CatsController#update as HTML
  Parameters: {"cat"=>{"name"=>"Val", "birth_date"=>"2020-06-19", "color"=>"White", "sex"=>"F", "description"=>" "}, "id"=>"5"}
  [1m[36mCat Load (0.5ms)[0m  [1m[34mSELECT  "cats".* FROM "cats" WHERE "cats"."id" = $1 LIMIT $2[0m  [["id", 5], ["LIMIT", 1]]
  ↳ app/controllers/cats_controller.rb:25
Started PATCH "/cats/5" for 127.0.0.1 at 2020-06-19 16:59:51 -0400
  [1m[35m (1.3ms)[0m  [1m[35mBEGIN[0m
  ↳ app/controllers/cats_controller.rb:27
Started PATCH "/cats/5" for 127.0.0.1 at 2020-06-19 16:59:51 -0400
  [1m[35m (1.0ms)[0m  [1m[35mCOMMIT[0m
  ↳ app/controllers/cats_controller.rb:27
Started PATCH "/cats/5" for 127.0.0.1 at 2020-06-19 16:59:51 -0400
Redirected to http://localhost:3000/cats/5
Completed 302 Found in 123847ms (ActiveRecord: 2.8ms)


Processing by CatsController#update as HTML
Processing by CatsController#update as HTML
Processing by CatsController#update as HTML
  Parameters: {"cat"=>{"name"=>"Val", "birth_date"=>"2020-06-19", "color"=>"White", "sex"=>"F", "description"=>" "}, "id"=>"5"}
  Parameters: {"cat"=>{"name"=>"Val", "birth_date"=>"2020-06-19", "color"=>"White", "sex"=>"F", "description"=>" "}, "id"=>"5"}
  Parameters: {"cat"=>{"name"=>"Val", "birth_date"=>"2020-06-19", "color"=>"White", "sex"=>"F", "description"=>" "}, "id"=>"5"}
  [1m[36mCat Load (1.0ms)[0m  [1m[34mSELECT  "cats".* FROM "cats" WHERE "cats"."id" = $1 LIMIT $2[0m  [["id", 5], ["LIMIT", 1]]
  ↳ app/controllers/cats_controller.rb:25
  [1m[36mCat Load (1.0ms)[0m  [1m[34mSELECT  "cats".* FROM "cats" WHERE "cats"."id" = $1 LIMIT $2[0m  [["id", 5], ["LIMIT", 1]]
  [1m[36mCat Load (1.1ms)[0m  [1m[34mSELECT  "cats".* FROM "cats" WHERE "cats"."id" = $1 LIMIT $2[0m  [["id", 5], ["LIMIT", 1]]
  [1m[35m (0.4ms)[0m  [1m[35mBEGIN[0m
  ↳ app/controllers/cats_controller.rb:25
  ↳ app/controllers/cats_controller.rb:25
  ↳ app/controllers/cats_controller.rb:27
  [1m[35m (1.1ms)[0m  [1m[35mBEGIN[0m
  [1m[35m (0.3ms)[0m  [1m[35mCOMMIT[0m
  ↳ app/controllers/cats_controller.rb:27
  [1m[35m (0.9ms)[0m  [1m[35mBEGIN[0m
Redirected to http://localhost:3000/cats/5
  ↳ app/controllers/cats_controller.rb:27
  ↳ app/controllers/cats_controller.rb:27
Completed 302 Found in 9805ms (ActiveRecord: 750.1ms)


  [1m[35m (0.6ms)[0m  [1m[35mCOMMIT[0m
  [1m[35m (0.7ms)[0m  [1m[35mCOMMIT[0m
  ↳ app/controllers/cats_controller.rb:27
  ↳ app/controllers/cats_controller.rb:27
Redirected to http://localhost:3000/cats/5
Completed 302 Found in 7711ms (ActiveRecord: 3.2ms)


Redirected to http://localhost:3000/cats/5
Completed 302 Found in 6963ms (ActiveRecord: 3.3ms)


Started GET "/cats/5" for 127.0.0.1 at 2020-06-19 17:00:00 -0400
Processing by CatsController#show as HTML
  Parameters: {"id"=>"5"}
  [1m[36mCat Load (0.2ms)[0m  [1m[34mSELECT  "cats".* FROM "cats" WHERE "cats"."id" = $1 LIMIT $2[0m  [["id", 5], ["LIMIT", 1]]
  ↳ app/controllers/cats_controller.rb:9
  Rendering cats/show.html.erb within layouts/application
  Rendered cats/show.html.erb within layouts/application (2.2ms)
Completed 200 OK in 33ms (Views: 15.5ms | ActiveRecord: 8.3ms)


Started GET "/cats/5/edit" for 127.0.0.1 at 2020-06-19 17:00:09 -0400
Processing by CatsController#edit as HTML
  Parameters: {"id"=>"5"}
  [1m[36mCat Load (0.5ms)[0m  [1m[34mSELECT  "cats".* FROM "cats" WHERE "cats"."id" = $1 LIMIT $2[0m  [["id", 5], ["LIMIT", 1]]
  ↳ app/controllers/cats_controller.rb:19
  Rendering cats/edit.html.erb within layouts/application
  Rendered cats/_form.html.erb (0.9ms)
  Rendered cats/edit.html.erb within layouts/application (3.7ms)
Completed 200 OK in 16ms (Views: 14.5ms | ActiveRecord: 0.5ms)


Started PATCH "/cats/5" for 127.0.0.1 at 2020-06-19 17:00:13 -0400
Processing by CatsController#update as HTML
  Parameters: {"cat"=>{"name"=>"Val", "birth_date"=>"2020-06-19", "color"=>"White", "sex"=>"F", "description"=>" "}, "id"=>"5"}
  [1m[36mCat Load (0.8ms)[0m  [1m[34mSELECT  "cats".* FROM "cats" WHERE "cats"."id" = $1 LIMIT $2[0m  [["id", 5], ["LIMIT", 1]]
  ↳ app/controllers/cats_controller.rb:25
  [1m[35m (0.2ms)[0m  [1m[35mBEGIN[0m
  ↳ app/controllers/cats_controller.rb:27
  [1m[35m (0.2ms)[0m  [1m[31mROLLBACK[0m
  ↳ app/controllers/cats_controller.rb:27
Completed 500 Internal Server Error in 10164ms (ActiveRecord: 1.2ms)



ArgumentError - '"Description can't be blank"' is not an ActiveModel-compatible object. It must implement :to_partial_path.:
  app/controllers/cats_controller.rb:30:in `update'

Started POST "/__better_errors/cd2e90762b4187b7/variables" for 127.0.0.1 at 2020-06-19 17:00:24 -0400
Started GET "/cats/5/edit" for 127.0.0.1 at 2020-06-19 17:00:53 -0400
  [1m[35m (1.9ms)[0m  [1m[34mSELECT "schema_migrations"."version" FROM "schema_migrations" ORDER BY "schema_migrations"."version" ASC[0m
  ↳ /Users/cschreger/.rbenv/versions/2.5.1/lib/ruby/gems/2.5.0/gems/activerecord-5.2.4.3/lib/active_record/log_subscriber.rb:98
Processing by CatsController#edit as HTML
  Parameters: {"id"=>"5"}
  [1m[36mCat Load (0.5ms)[0m  [1m[34mSELECT  "cats".* FROM "cats" WHERE "cats"."id" = $1 LIMIT $2[0m  [["id", 5], ["LIMIT", 1]]
  ↳ app/controllers/cats_controller.rb:19
  Rendering cats/edit.html.erb within layouts/application
  Rendered cats/_form.html.erb (0.9ms)
  Rendered cats/edit.html.erb within layouts/application (4.7ms)
Completed 200 OK in 171ms (Views: 142.0ms | ActiveRecord: 6.1ms)


Started PATCH "/cats/5" for 127.0.0.1 at 2020-06-19 17:01:04 -0400
Processing by CatsController#update as HTML
  Parameters: {"cat"=>{"name"=>"Val", "birth_date"=>"2020-06-19", "color"=>"White", "sex"=>"F", "description"=>"best ta ever "}, "id"=>"5"}
  [1m[36mCat Load (0.4ms)[0m  [1m[34mSELECT  "cats".* FROM "cats" WHERE "cats"."id" = $1 LIMIT $2[0m  [["id", 5], ["LIMIT", 1]]
  ↳ app/controllers/cats_controller.rb:25
  [1m[35m (0.2ms)[0m  [1m[35mBEGIN[0m
  ↳ app/controllers/cats_controller.rb:27
  [1m[36mCat Update (3.1ms)[0m  [1m[33mUPDATE "cats" SET "name" = $1, "description" = $2, "updated_at" = $3 WHERE "cats"."id" = $4[0m  [["name", "Val"], ["description", "best ta ever "], ["updated_at", "2020-06-19 21:01:04.641614"], ["id", 5]]
  ↳ app/controllers/cats_controller.rb:27
  [1m[35m (0.6ms)[0m  [1m[35mCOMMIT[0m
  ↳ app/controllers/cats_controller.rb:27
Redirected to http://localhost:3000/cats/5
Completed 302 Found in 8ms (ActiveRecord: 4.2ms)


Started GET "/cats/5" for 127.0.0.1 at 2020-06-19 17:01:04 -0400
Processing by CatsController#show as HTML
  Parameters: {"id"=>"5"}
  [1m[36mCat Load (0.6ms)[0m  [1m[34mSELECT  "cats".* FROM "cats" WHERE "cats"."id" = $1 LIMIT $2[0m  [["id", 5], ["LIMIT", 1]]
  ↳ app/controllers/cats_controller.rb:9
  Rendering cats/show.html.erb within layouts/application
  Rendered cats/show.html.erb within layouts/application (5.2ms)
Completed 200 OK in 21ms (Views: 19.0ms | ActiveRecord: 0.6ms)


Started GET "/cats" for 127.0.0.1 at 2020-06-19 17:01:14 -0400
Processing by CatsController#index as HTML
  Rendering cats/index.html.erb within layouts/application
  [1m[36mCat Load (0.4ms)[0m  [1m[34mSELECT "cats".* FROM "cats"[0m
  ↳ app/views/cats/index.html.erb:4
  Rendered cats/index.html.erb within layouts/application (2.2ms)
Completed 200 OK in 13ms (Views: 12.0ms | ActiveRecord: 0.4ms)


Started GET "/cats/5" for 127.0.0.1 at 2020-06-19 17:01:16 -0400
Processing by CatsController#show as HTML
  Parameters: {"id"=>"5"}
  [1m[36mCat Load (0.4ms)[0m  [1m[34mSELECT  "cats".* FROM "cats" WHERE "cats"."id" = $1 LIMIT $2[0m  [["id", 5], ["LIMIT", 1]]
  ↳ app/controllers/cats_controller.rb:9
  Rendering cats/show.html.erb within layouts/application
  Rendered cats/show.html.erb within layouts/application (0.7ms)
Completed 200 OK in 12ms (Views: 10.6ms | ActiveRecord: 0.4ms)


  [1m[35m (0.4ms)[0m  [1m[34mSELECT pg_try_advisory_lock(723150122408807205)[0m
  ↳ bin/rails:9
  [1m[35m (1.5ms)[0m  [1m[34mSELECT "schema_migrations"."version" FROM "schema_migrations" ORDER BY "schema_migrations"."version" ASC[0m
  ↳ bin/rails:9
Migrating to CreateCatRentalRequest (20200619210342)
  [1m[35m (0.2ms)[0m  [1m[35mBEGIN[0m
  ↳ bin/rails:9
  [1m[35m (16.5ms)[0m  [1m[35mCREATE TABLE "cat_rental_requests" ("id" bigserial primary key, "cat_id" integer NOT NULL, "start_date" date NOT NULL, "end_date" date NOT NULL, "status" character varying DEFAULT 'pending' NOT NULL, "created_at" timestamp NOT NULL, "updated_at" timestamp NOT NULL)[0m
  ↳ db/migrate/20200619210342_create_cat_rental_request.rb:3
  [1m[35m (3.9ms)[0m  [1m[35mCREATE UNIQUE INDEX  "index_cat_rental_requests_on_cat_id" ON "cat_rental_requests"  ("cat_id")[0m
  ↳ db/migrate/20200619210342_create_cat_rental_request.rb:11
  [1m[36mActiveRecord::SchemaMigration Create (0.9ms)[0m  [1m[32mINSERT INTO "schema_migrations" ("version") VALUES ($1) RETURNING "version"[0m  [["version", "20200619210342"]]
  ↳ bin/rails:9
  [1m[35m (3.0ms)[0m  [1m[35mCOMMIT[0m
  ↳ bin/rails:9
  [1m[36mActiveRecord::InternalMetadata Load (2.1ms)[0m  [1m[34mSELECT  "ar_internal_metadata".* FROM "ar_internal_metadata" WHERE "ar_internal_metadata"."key" = $1 LIMIT $2[0m  [["key", "environment"], ["LIMIT", 1]]
  ↳ bin/rails:9
  [1m[35m (0.2ms)[0m  [1m[35mBEGIN[0m
  ↳ bin/rails:9
  [1m[35m (0.2ms)[0m  [1m[35mCOMMIT[0m
  ↳ bin/rails:9
  [1m[35m (0.4ms)[0m  [1m[34mSELECT pg_advisory_unlock(723150122408807205)[0m
  ↳ bin/rails:9
  [1m[35m (0.8ms)[0m  [1m[34mSELECT "schema_migrations"."version" FROM "schema_migrations" ORDER BY "schema_migrations"."version" ASC[0m
  ↳ bin/rails:9
  [1m[35m (1.4ms)[0m  [1m[34mSELECT "schema_migrations"."version" FROM "schema_migrations" ORDER BY "schema_migrations"."version" ASC[0m
  ↳ /Users/cschreger/.rbenv/versions/2.5.1/bin/annotate:23
  [1m[35m (1.2ms)[0m  [1m[34mSELECT "schema_migrations"."version" FROM "schema_migrations" ORDER BY "schema_migrations"."version" ASC[0m
  ↳ /Users/cschreger/.rbenv/versions/2.5.1/bin/annotate:23
